[    2777ms] [ERROR] Failed to load resource: the server responded with a status of 404 () @ https://external-content.duckduckgo.com/ip3/troisjs.github.io.ico:0
[   27135ms] [ERROR] Loading the script 'https://gc.kis.v2.scr.kaspersky-labs.com/FD126C42-EBFA-4E12-B309-BB3FDD723AC1/main.js?attr=GPwTCZBt_PcYx26Werqc1mpbc4Se4fyluVYl00WamMIO2XXPu6g5UDgCQSjNQ9lqrrU4c6ZdAg0-5jQcKZpkCw' violates the following Content Security Policy directive: "script-src blob:  https://duck.ai https://*.duck.ai https://duckduckgo.com https://*.duckduckgo.com https://duckduckgogg42xjoc72x3sjasowoarfbgcmvfimaftt6twagswzczad.onion/ https://spreadprivacy.com 'unsafe-inline' 'unsafe-eval'". Note that 'script-src-elem' was not explicitly set, so 'script-src' is used as a fallback. The action has been blocked. @ https://duckduckgo.com/post3.html:0
[   27135ms] [ERROR] Loading the stylesheet 'https://gc.kis.v2.scr.kaspersky-labs.com/E3E8934C-235A-4B0E-825A-35A08381A191/abn/main.css?attr=aHR0cHM6Ly9kdWNrZHVja2dvLmNvbS9wb3N0My5odG1s' violates the following Content Security Policy directive: "style-src https://duck.ai https://*.duck.ai https://duckduckgo.com https://*.duckduckgo.com https://duckduckgogg42xjoc72x3sjasowoarfbgcmvfimaftt6twagswzczad.onion/ https://spreadprivacy.com 'unsafe-inline'". Note that 'style-src-elem' was not explicitly set, so 'style-src' is used as a fallback. The action has been blocked. @ https://duckduckgo.com/post3.html:1
[   28225ms] [ERROR] Loading the script 'https://gc.kis.v2.scr.kaspersky-labs.com/FD126C42-EBFA-4E12-B309-BB3FDD723AC1/main.js?attr=GPwTCZBt_PcYx26Werqc1mpbc4Se4fyluVYl00WamMIO2XXPu6g5UDgCQSjNQ9lqrrU4c6ZdAg0-5jQcKZpkCw' violates the following Content Security Policy directive: "script-src blob:  https://duck.ai https://*.duck.ai https://duckduckgo.com https://*.duckduckgo.com https://duckduckgogg42xjoc72x3sjasowoarfbgcmvfimaftt6twagswzczad.onion/ https://spreadprivacy.com 'unsafe-inline' 'unsafe-eval'". Note that 'script-src-elem' was not explicitly set, so 'script-src' is used as a fallback. The action has been blocked. @ https://duckduckgo.com/post3.html:0
[   28225ms] [ERROR] Loading the stylesheet 'https://gc.kis.v2.scr.kaspersky-labs.com/E3E8934C-235A-4B0E-825A-35A08381A191/abn/main.css?attr=aHR0cHM6Ly9kdWNrZHVja2dvLmNvbS9wb3N0My5odG1s' violates the following Content Security Policy directive: "style-src https://duck.ai https://*.duck.ai https://duckduckgo.com https://*.duckduckgo.com https://duckduckgogg42xjoc72x3sjasowoarfbgcmvfimaftt6twagswzczad.onion/ https://spreadprivacy.com 'unsafe-inline'". Note that 'style-src-elem' was not explicitly set, so 'style-src' is used as a fallback. The action has been blocked. @ https://duckduckgo.com/post3.html:1
[   29294ms] [ERROR] Loading the script 'https://gc.kis.v2.scr.kaspersky-labs.com/FD126C42-EBFA-4E12-B309-BB3FDD723AC1/main.js?attr=GPwTCZBt_PcYx26Werqc1mpbc4Se4fyluVYl00WamMIO2XXPu6g5UDgCQSjNQ9lqrrU4c6ZdAg0-5jQcKZpkCw' violates the following Content Security Policy directive: "script-src blob:  https://duck.ai https://*.duck.ai https://duckduckgo.com https://*.duckduckgo.com https://duckduckgogg42xjoc72x3sjasowoarfbgcmvfimaftt6twagswzczad.onion/ https://spreadprivacy.com 'unsafe-inline' 'unsafe-eval'". Note that 'script-src-elem' was not explicitly set, so 'script-src' is used as a fallback. The action has been blocked. @ https://duckduckgo.com/post3.html:0
[   29294ms] [ERROR] Loading the stylesheet 'https://gc.kis.v2.scr.kaspersky-labs.com/E3E8934C-235A-4B0E-825A-35A08381A191/abn/main.css?attr=aHR0cHM6Ly9kdWNrZHVja2dvLmNvbS9wb3N0My5odG1s' violates the following Content Security Policy directive: "style-src https://duck.ai https://*.duck.ai https://duckduckgo.com https://*.duckduckgo.com https://duckduckgogg42xjoc72x3sjasowoarfbgcmvfimaftt6twagswzczad.onion/ https://spreadprivacy.com 'unsafe-inline'". Note that 'style-src-elem' was not explicitly set, so 'style-src' is used as a fallback. The action has been blocked. @ https://duckduckgo.com/post3.html:1
[   30446ms] [ERROR] Loading the script 'https://gc.kis.v2.scr.kaspersky-labs.com/FD126C42-EBFA-4E12-B309-BB3FDD723AC1/main.js?attr=GPwTCZBt_PcYx26Werqc1mpbc4Se4fyluVYl00WamMIO2XXPu6g5UDgCQSjNQ9lqrrU4c6ZdAg0-5jQcKZpkCw' violates the following Content Security Policy directive: "script-src blob:  https://duck.ai https://*.duck.ai https://duckduckgo.com https://*.duckduckgo.com https://duckduckgogg42xjoc72x3sjasowoarfbgcmvfimaftt6twagswzczad.onion/ https://spreadprivacy.com 'unsafe-inline' 'unsafe-eval'". Note that 'script-src-elem' was not explicitly set, so 'script-src' is used as a fallback. The action has been blocked. @ https://duckduckgo.com/post3.html:0
[   30446ms] [ERROR] Loading the stylesheet 'https://gc.kis.v2.scr.kaspersky-labs.com/E3E8934C-235A-4B0E-825A-35A08381A191/abn/main.css?attr=aHR0cHM6Ly9kdWNrZHVja2dvLmNvbS9wb3N0My5odG1s' violates the following Content Security Policy directive: "style-src https://duck.ai https://*.duck.ai https://duckduckgo.com https://*.duckduckgo.com https://duckduckgogg42xjoc72x3sjasowoarfbgcmvfimaftt6twagswzczad.onion/ https://spreadprivacy.com 'unsafe-inline'". Note that 'style-src-elem' was not explicitly set, so 'style-src' is used as a fallback. The action has been blocked. @ https://duckduckgo.com/post3.html:1
[   93493ms] [ERROR] Failed to load resource: the server responded with a status of 404 () @ https://external-content.duckduckgo.com/ip3/github.khronos.org.ico:0
[   93834ms] [ERROR] Failed to load resource: the server responded with a status of 404 () @ https://external-content.duckduckgo.com/ip3/www.rapidcompact.com.ico:0
[   93924ms] [ERROR] Failed to load resource: the server responded with a status of 404 () @ https://external-content.duckduckgo.com/ip3/wrnmd.com.ico:0
[  159434ms] Error: Minified React error #418; visit https://react.dev/errors/418?args[]=text&args[]= for the full message or use the non-minified dev environment for full errors and additional helpful warnings.
    at rP (https://github.khronos.org/glTF-Assets/_next/static/chunks/4bd1b696-357d672c7b40ff78.js:1:34097)
    at https://github.khronos.org/glTF-Assets/_next/static/chunks/4bd1b696-357d672c7b40ff78.js:1:117355
    at im (https://github.khronos.org/glTF-Assets/_next/static/chunks/4bd1b696-357d672c7b40ff78.js:1:120134)
    at ic (https://github.khronos.org/glTF-Assets/_next/static/chunks/4bd1b696-357d672c7b40ff78.js:1:112445)
    at https://github.khronos.org/glTF-Assets/_next/static/chunks/4bd1b696-357d672c7b40ff78.js:1:108432
    at u5 (https://github.khronos.org/glTF-Assets/_next/static/chunks/4bd1b696-357d672c7b40ff78.js:1:108533)
    at iH (https://github.khronos.org/glTF-Assets/_next/static/chunks/4bd1b696-357d672c7b40ff78.js:1:129977)
    at MessagePort.w (https://github.khronos.org/glTF-Assets/_next/static/chunks/684-c84290880bd4de67.js:1:25800)
[  160160ms] [ERROR] Failed to load resource: the server responded with a status of 404 () @ https://github.khronos.org/glTF-Assets.txt?_rsc=17qwo:0
[  164119ms] [WARNING] WebGL: this extension has very low support on mobile devices; do not rely on it for rendering effects without implementing a fallback path: WEBGL_polygon_mode @ https://github.khronos.org/glTF-Assets/_next/static/chunks/app/model/%5Bname%5D/page-b9b30f2b5c8f05fb.js:0
[  242773ms] Error: Minified React error #418; visit https://react.dev/errors/418?args[]=text&args[]= for the full message or use the non-minified dev environment for full errors and additional helpful warnings.
    at rP (https://github.khronos.org/glTF-Assets/_next/static/chunks/4bd1b696-357d672c7b40ff78.js:1:34097)
    at https://github.khronos.org/glTF-Assets/_next/static/chunks/4bd1b696-357d672c7b40ff78.js:1:117355
    at im (https://github.khronos.org/glTF-Assets/_next/static/chunks/4bd1b696-357d672c7b40ff78.js:1:120134)
    at ic (https://github.khronos.org/glTF-Assets/_next/static/chunks/4bd1b696-357d672c7b40ff78.js:1:112445)
    at https://github.khronos.org/glTF-Assets/_next/static/chunks/4bd1b696-357d672c7b40ff78.js:1:108432
    at u5 (https://github.khronos.org/glTF-Assets/_next/static/chunks/4bd1b696-357d672c7b40ff78.js:1:108533)
    at iH (https://github.khronos.org/glTF-Assets/_next/static/chunks/4bd1b696-357d672c7b40ff78.js:1:129977)
    at MessagePort.w (https://github.khronos.org/glTF-Assets/_next/static/chunks/684-c84290880bd4de67.js:1:25800)
[  242958ms] [ERROR] Failed to load resource: the server responded with a status of 404 () @ https://github.khronos.org/glTF-Assets.txt?_rsc=17qwo:0
[  244818ms] [WARNING] WebGL: this extension has very low support on mobile devices; do not rely on it for rendering effects without implementing a fallback path: WEBGL_polygon_mode @ https://github.khronos.org/glTF-Assets/_next/static/chunks/app/model/%5Bname%5D/page-b9b30f2b5c8f05fb.js:0
